CRITICAL - 2023-10-10 04:29:03 --> Invalid file: "mainContent.php"
in SYSTEMPATH\Exceptions\FrameworkException.php on line 39.
 1 SYSTEMPATH\View\View.php(214): CodeIgniter\Exceptions\FrameworkException::forInvalidFile('mainContent.php')
 2 SYSTEMPATH\View\View.php(467): CodeIgniter\View\View->render('mainContent', null, true)
 3 APPPATH\Views\dashboard.php(4): CodeIgniter\View\View->include('mainContent')
 4 SYSTEMPATH\View\View.php(226): include('E:\\xamp\\htdocs\\codeigniter_daily_expanse\\app\\Views\\dashboard.php')
 5 SYSTEMPATH\View\View.php(229): CodeIgniter\View\View->CodeIgniter\View\{closure}()
 6 SYSTEMPATH\Common.php(1188): CodeIgniter\View\View->render('dashboard', [], true)
 7 APPPATH\Controllers\DashboardController.php(11): view('dashboard')
 8 SYSTEMPATH\CodeIgniter.php(919): App\Controllers\DashboardController->index()
 9 SYSTEMPATH\CodeIgniter.php(494): CodeIgniter\CodeIgniter->runController(Object(App\Controllers\DashboardController))
10 SYSTEMPATH\CodeIgniter.php(353): CodeIgniter\CodeIgniter->handleRequest(null, Object(Config\Cache), false)
11 FCPATH\index.php(79): CodeIgniter\CodeIgniter->run()
12 SYSTEMPATH\Commands\Server\rewrite.php(47): require_once('E:\\xamp\\htdocs\\codeigniter_daily_expanse\\public\\index.php')
CRITICAL - 2023-10-10 04:29:15 --> Invalid file: "mainContent.php"
in SYSTEMPATH\Exceptions\FrameworkException.php on line 39.
 1 SYSTEMPATH\View\View.php(214): CodeIgniter\Exceptions\FrameworkException::forInvalidFile('mainContent.php')
 2 SYSTEMPATH\View\View.php(467): CodeIgniter\View\View->render('mainContent', null, true)
 3 APPPATH\Views\dashboard.php(4): CodeIgniter\View\View->include('mainContent')
 4 SYSTEMPATH\View\View.php(226): include('E:\\xamp\\htdocs\\codeigniter_daily_expanse\\app\\Views\\dashboard.php')
 5 SYSTEMPATH\View\View.php(229): CodeIgniter\View\View->CodeIgniter\View\{closure}()
 6 SYSTEMPATH\Common.php(1188): CodeIgniter\View\View->render('dashboard', [], true)
 7 APPPATH\Controllers\DashboardController.php(11): view('dashboard')
 8 SYSTEMPATH\CodeIgniter.php(919): App\Controllers\DashboardController->index()
 9 SYSTEMPATH\CodeIgniter.php(494): CodeIgniter\CodeIgniter->runController(Object(App\Controllers\DashboardController))
10 SYSTEMPATH\CodeIgniter.php(353): CodeIgniter\CodeIgniter->handleRequest(null, Object(Config\Cache), false)
11 FCPATH\index.php(79): CodeIgniter\CodeIgniter->run()
12 SYSTEMPATH\Commands\Server\rewrite.php(47): require_once('E:\\xamp\\htdocs\\codeigniter_daily_expanse\\public\\index.php')
CRITICAL - 2023-10-10 04:33:45 --> Invalid file: "mainContent.php"
in SYSTEMPATH\Exceptions\FrameworkException.php on line 39.
 1 SYSTEMPATH\View\View.php(214): CodeIgniter\Exceptions\FrameworkException::forInvalidFile('mainContent.php')
 2 SYSTEMPATH\View\View.php(467): CodeIgniter\View\View->render('mainContent', null, true)
 3 APPPATH\Views\dashboard.php(4): CodeIgniter\View\View->include('mainContent')
 4 SYSTEMPATH\View\View.php(226): include('E:\\xamp\\htdocs\\codeigniter_daily_expanse\\app\\Views\\dashboard.php')
 5 SYSTEMPATH\View\View.php(229): CodeIgniter\View\View->CodeIgniter\View\{closure}()
 6 SYSTEMPATH\Common.php(1188): CodeIgniter\View\View->render('dashboard', [], true)
 7 APPPATH\Controllers\DashboardController.php(11): view('dashboard')
 8 SYSTEMPATH\CodeIgniter.php(919): App\Controllers\DashboardController->index()
 9 SYSTEMPATH\CodeIgniter.php(494): CodeIgniter\CodeIgniter->runController(Object(App\Controllers\DashboardController))
10 SYSTEMPATH\CodeIgniter.php(353): CodeIgniter\CodeIgniter->handleRequest(null, Object(Config\Cache), false)
11 FCPATH\index.php(79): CodeIgniter\CodeIgniter->run()
12 SYSTEMPATH\Commands\Server\rewrite.php(47): require_once('E:\\xamp\\htdocs\\codeigniter_daily_expanse\\public\\index.php')
CRITICAL - 2023-10-10 04:33:45 --> Invalid file: "mainContent.php"
in SYSTEMPATH\Exceptions\FrameworkException.php on line 39.
 1 SYSTEMPATH\View\View.php(214): CodeIgniter\Exceptions\FrameworkException::forInvalidFile('mainContent.php')
 2 SYSTEMPATH\View\View.php(467): CodeIgniter\View\View->render('mainContent', null, true)
 3 APPPATH\Views\dashboard.php(4): CodeIgniter\View\View->include('mainContent')
 4 SYSTEMPATH\View\View.php(226): include('E:\\xamp\\htdocs\\codeigniter_daily_expanse\\app\\Views\\dashboard.php')
 5 SYSTEMPATH\View\View.php(229): CodeIgniter\View\View->CodeIgniter\View\{closure}()
 6 SYSTEMPATH\Common.php(1188): CodeIgniter\View\View->render('dashboard', [], true)
 7 APPPATH\Controllers\DashboardController.php(11): view('dashboard')
 8 SYSTEMPATH\CodeIgniter.php(919): App\Controllers\DashboardController->index()
 9 SYSTEMPATH\CodeIgniter.php(494): CodeIgniter\CodeIgniter->runController(Object(App\Controllers\DashboardController))
10 SYSTEMPATH\CodeIgniter.php(353): CodeIgniter\CodeIgniter->handleRequest(null, Object(Config\Cache), false)
11 FCPATH\index.php(79): CodeIgniter\CodeIgniter->run()
12 SYSTEMPATH\Commands\Server\rewrite.php(47): require_once('E:\\xamp\\htdocs\\codeigniter_daily_expanse\\public\\index.php')
CRITICAL - 2023-10-10 04:33:46 --> Invalid file: "mainContent.php"
in SYSTEMPATH\Exceptions\FrameworkException.php on line 39.
 1 SYSTEMPATH\View\View.php(214): CodeIgniter\Exceptions\FrameworkException::forInvalidFile('mainContent.php')
 2 SYSTEMPATH\View\View.php(467): CodeIgniter\View\View->render('mainContent', null, true)
 3 APPPATH\Views\dashboard.php(4): CodeIgniter\View\View->include('mainContent')
 4 SYSTEMPATH\View\View.php(226): include('E:\\xamp\\htdocs\\codeigniter_daily_expanse\\app\\Views\\dashboard.php')
 5 SYSTEMPATH\View\View.php(229): CodeIgniter\View\View->CodeIgniter\View\{closure}()
 6 SYSTEMPATH\Common.php(1188): CodeIgniter\View\View->render('dashboard', [], true)
 7 APPPATH\Controllers\DashboardController.php(11): view('dashboard')
 8 SYSTEMPATH\CodeIgniter.php(919): App\Controllers\DashboardController->index()
 9 SYSTEMPATH\CodeIgniter.php(494): CodeIgniter\CodeIgniter->runController(Object(App\Controllers\DashboardController))
10 SYSTEMPATH\CodeIgniter.php(353): CodeIgniter\CodeIgniter->handleRequest(null, Object(Config\Cache), false)
11 FCPATH\index.php(79): CodeIgniter\CodeIgniter->run()
12 SYSTEMPATH\Commands\Server\rewrite.php(47): require_once('E:\\xamp\\htdocs\\codeigniter_daily_expanse\\public\\index.php')
CRITICAL - 2023-10-10 04:33:46 --> Invalid file: "mainContent.php"
in SYSTEMPATH\Exceptions\FrameworkException.php on line 39.
 1 SYSTEMPATH\View\View.php(214): CodeIgniter\Exceptions\FrameworkException::forInvalidFile('mainContent.php')
 2 SYSTEMPATH\View\View.php(467): CodeIgniter\View\View->render('mainContent', null, true)
 3 APPPATH\Views\dashboard.php(4): CodeIgniter\View\View->include('mainContent')
 4 SYSTEMPATH\View\View.php(226): include('E:\\xamp\\htdocs\\codeigniter_daily_expanse\\app\\Views\\dashboard.php')
 5 SYSTEMPATH\View\View.php(229): CodeIgniter\View\View->CodeIgniter\View\{closure}()
 6 SYSTEMPATH\Common.php(1188): CodeIgniter\View\View->render('dashboard', [], true)
 7 APPPATH\Controllers\DashboardController.php(11): view('dashboard')
 8 SYSTEMPATH\CodeIgniter.php(919): App\Controllers\DashboardController->index()
 9 SYSTEMPATH\CodeIgniter.php(494): CodeIgniter\CodeIgniter->runController(Object(App\Controllers\DashboardController))
10 SYSTEMPATH\CodeIgniter.php(353): CodeIgniter\CodeIgniter->handleRequest(null, Object(Config\Cache), false)
11 FCPATH\index.php(79): CodeIgniter\CodeIgniter->run()
12 SYSTEMPATH\Commands\Server\rewrite.php(47): require_once('E:\\xamp\\htdocs\\codeigniter_daily_expanse\\public\\index.php')
CRITICAL - 2023-10-10 04:36:30 --> Invalid file: "mainContent.php"
in SYSTEMPATH\Exceptions\FrameworkException.php on line 39.
 1 SYSTEMPATH\View\View.php(214): CodeIgniter\Exceptions\FrameworkException::forInvalidFile('mainContent.php')
 2 SYSTEMPATH\View\View.php(467): CodeIgniter\View\View->render('mainContent', null, true)
 3 APPPATH\Views\dashboard.php(4): CodeIgniter\View\View->include('mainContent')
 4 SYSTEMPATH\View\View.php(226): include('E:\\xamp\\htdocs\\codeigniter_daily_expanse\\app\\Views\\dashboard.php')
 5 SYSTEMPATH\View\View.php(229): CodeIgniter\View\View->CodeIgniter\View\{closure}()
 6 SYSTEMPATH\Common.php(1188): CodeIgniter\View\View->render('dashboard', [], true)
 7 APPPATH\Controllers\DashboardController.php(11): view('dashboard')
 8 SYSTEMPATH\CodeIgniter.php(919): App\Controllers\DashboardController->index()
 9 SYSTEMPATH\CodeIgniter.php(494): CodeIgniter\CodeIgniter->runController(Object(App\Controllers\DashboardController))
10 SYSTEMPATH\CodeIgniter.php(353): CodeIgniter\CodeIgniter->handleRequest(null, Object(Config\Cache), false)
11 FCPATH\index.php(79): CodeIgniter\CodeIgniter->run()
12 SYSTEMPATH\Commands\Server\rewrite.php(47): require_once('E:\\xamp\\htdocs\\codeigniter_daily_expanse\\public\\index.php')
CRITICAL - 2023-10-10 04:36:31 --> Invalid file: "mainContent.php"
in SYSTEMPATH\Exceptions\FrameworkException.php on line 39.
 1 SYSTEMPATH\View\View.php(214): CodeIgniter\Exceptions\FrameworkException::forInvalidFile('mainContent.php')
 2 SYSTEMPATH\View\View.php(467): CodeIgniter\View\View->render('mainContent', null, true)
 3 APPPATH\Views\dashboard.php(4): CodeIgniter\View\View->include('mainContent')
 4 SYSTEMPATH\View\View.php(226): include('E:\\xamp\\htdocs\\codeigniter_daily_expanse\\app\\Views\\dashboard.php')
 5 SYSTEMPATH\View\View.php(229): CodeIgniter\View\View->CodeIgniter\View\{closure}()
 6 SYSTEMPATH\Common.php(1188): CodeIgniter\View\View->render('dashboard', [], true)
 7 APPPATH\Controllers\DashboardController.php(11): view('dashboard')
 8 SYSTEMPATH\CodeIgniter.php(919): App\Controllers\DashboardController->index()
 9 SYSTEMPATH\CodeIgniter.php(494): CodeIgniter\CodeIgniter->runController(Object(App\Controllers\DashboardController))
10 SYSTEMPATH\CodeIgniter.php(353): CodeIgniter\CodeIgniter->handleRequest(null, Object(Config\Cache), false)
11 FCPATH\index.php(79): CodeIgniter\CodeIgniter->run()
12 SYSTEMPATH\Commands\Server\rewrite.php(47): require_once('E:\\xamp\\htdocs\\codeigniter_daily_expanse\\public\\index.php')
CRITICAL - 2023-10-10 04:36:31 --> Invalid file: "mainContent.php"
in SYSTEMPATH\Exceptions\FrameworkException.php on line 39.
 1 SYSTEMPATH\View\View.php(214): CodeIgniter\Exceptions\FrameworkException::forInvalidFile('mainContent.php')
 2 SYSTEMPATH\View\View.php(467): CodeIgniter\View\View->render('mainContent', null, true)
 3 APPPATH\Views\dashboard.php(4): CodeIgniter\View\View->include('mainContent')
 4 SYSTEMPATH\View\View.php(226): include('E:\\xamp\\htdocs\\codeigniter_daily_expanse\\app\\Views\\dashboard.php')
 5 SYSTEMPATH\View\View.php(229): CodeIgniter\View\View->CodeIgniter\View\{closure}()
 6 SYSTEMPATH\Common.php(1188): CodeIgniter\View\View->render('dashboard', [], true)
 7 APPPATH\Controllers\DashboardController.php(11): view('dashboard')
 8 SYSTEMPATH\CodeIgniter.php(919): App\Controllers\DashboardController->index()
 9 SYSTEMPATH\CodeIgniter.php(494): CodeIgniter\CodeIgniter->runController(Object(App\Controllers\DashboardController))
10 SYSTEMPATH\CodeIgniter.php(353): CodeIgniter\CodeIgniter->handleRequest(null, Object(Config\Cache), false)
11 FCPATH\index.php(79): CodeIgniter\CodeIgniter->run()
12 SYSTEMPATH\Commands\Server\rewrite.php(47): require_once('E:\\xamp\\htdocs\\codeigniter_daily_expanse\\public\\index.php')
CRITICAL - 2023-10-10 04:36:31 --> Invalid file: "mainContent.php"
in SYSTEMPATH\Exceptions\FrameworkException.php on line 39.
 1 SYSTEMPATH\View\View.php(214): CodeIgniter\Exceptions\FrameworkException::forInvalidFile('mainContent.php')
 2 SYSTEMPATH\View\View.php(467): CodeIgniter\View\View->render('mainContent', null, true)
 3 APPPATH\Views\dashboard.php(4): CodeIgniter\View\View->include('mainContent')
 4 SYSTEMPATH\View\View.php(226): include('E:\\xamp\\htdocs\\codeigniter_daily_expanse\\app\\Views\\dashboard.php')
 5 SYSTEMPATH\View\View.php(229): CodeIgniter\View\View->CodeIgniter\View\{closure}()
 6 SYSTEMPATH\Common.php(1188): CodeIgniter\View\View->render('dashboard', [], true)
 7 APPPATH\Controllers\DashboardController.php(11): view('dashboard')
 8 SYSTEMPATH\CodeIgniter.php(919): App\Controllers\DashboardController->index()
 9 SYSTEMPATH\CodeIgniter.php(494): CodeIgniter\CodeIgniter->runController(Object(App\Controllers\DashboardController))
10 SYSTEMPATH\CodeIgniter.php(353): CodeIgniter\CodeIgniter->handleRequest(null, Object(Config\Cache), false)
11 FCPATH\index.php(79): CodeIgniter\CodeIgniter->run()
12 SYSTEMPATH\Commands\Server\rewrite.php(47): require_once('E:\\xamp\\htdocs\\codeigniter_daily_expanse\\public\\index.php')
CRITICAL - 2023-10-10 04:38:55 --> Invalid file: "footerf.php"
in SYSTEMPATH\Exceptions\FrameworkException.php on line 39.
 1 SYSTEMPATH\View\View.php(214): CodeIgniter\Exceptions\FrameworkException::forInvalidFile('footerf.php')
 2 SYSTEMPATH\View\View.php(467): CodeIgniter\View\View->render('footerf', null, true)
 3 APPPATH\Views\dashboard.php(7): CodeIgniter\View\View->include('footerf')
 4 SYSTEMPATH\View\View.php(226): include('E:\\xamp\\htdocs\\codeigniter_daily_expanse\\app\\Views\\dashboard.php')
 5 SYSTEMPATH\View\View.php(229): CodeIgniter\View\View->CodeIgniter\View\{closure}()
 6 SYSTEMPATH\Common.php(1188): CodeIgniter\View\View->render('dashboard', [], true)
 7 APPPATH\Controllers\DashboardController.php(11): view('dashboard')
 8 SYSTEMPATH\CodeIgniter.php(919): App\Controllers\DashboardController->index()
 9 SYSTEMPATH\CodeIgniter.php(494): CodeIgniter\CodeIgniter->runController(Object(App\Controllers\DashboardController))
10 SYSTEMPATH\CodeIgniter.php(353): CodeIgniter\CodeIgniter->handleRequest(null, Object(Config\Cache), false)
11 FCPATH\index.php(79): CodeIgniter\CodeIgniter->run()
12 SYSTEMPATH\Commands\Server\rewrite.php(47): require_once('E:\\xamp\\htdocs\\codeigniter_daily_expanse\\public\\index.php')
CRITICAL - 2023-10-10 04:38:56 --> Invalid file: "footerf.php"
in SYSTEMPATH\Exceptions\FrameworkException.php on line 39.
 1 SYSTEMPATH\View\View.php(214): CodeIgniter\Exceptions\FrameworkException::forInvalidFile('footerf.php')
 2 SYSTEMPATH\View\View.php(467): CodeIgniter\View\View->render('footerf', null, true)
 3 APPPATH\Views\dashboard.php(7): CodeIgniter\View\View->include('footerf')
 4 SYSTEMPATH\View\View.php(226): include('E:\\xamp\\htdocs\\codeigniter_daily_expanse\\app\\Views\\dashboard.php')
 5 SYSTEMPATH\View\View.php(229): CodeIgniter\View\View->CodeIgniter\View\{closure}()
 6 SYSTEMPATH\Common.php(1188): CodeIgniter\View\View->render('dashboard', [], true)
 7 APPPATH\Controllers\DashboardController.php(11): view('dashboard')
 8 SYSTEMPATH\CodeIgniter.php(919): App\Controllers\DashboardController->index()
 9 SYSTEMPATH\CodeIgniter.php(494): CodeIgniter\CodeIgniter->runController(Object(App\Controllers\DashboardController))
10 SYSTEMPATH\CodeIgniter.php(353): CodeIgniter\CodeIgniter->handleRequest(null, Object(Config\Cache), false)
11 FCPATH\index.php(79): CodeIgniter\CodeIgniter->run()
12 SYSTEMPATH\Commands\Server\rewrite.php(47): require_once('E:\\xamp\\htdocs\\codeigniter_daily_expanse\\public\\index.php')
CRITICAL - 2023-10-10 04:39:14 --> Invalid file: "footer.php"
in SYSTEMPATH\Exceptions\FrameworkException.php on line 39.
 1 SYSTEMPATH\View\View.php(214): CodeIgniter\Exceptions\FrameworkException::forInvalidFile('footer.php')
 2 SYSTEMPATH\View\View.php(467): CodeIgniter\View\View->render('footer', null, true)
 3 APPPATH\Views\dashboard.php(7): CodeIgniter\View\View->include('footer')
 4 SYSTEMPATH\View\View.php(226): include('E:\\xamp\\htdocs\\codeigniter_daily_expanse\\app\\Views\\dashboard.php')
 5 SYSTEMPATH\View\View.php(229): CodeIgniter\View\View->CodeIgniter\View\{closure}()
 6 SYSTEMPATH\Common.php(1188): CodeIgniter\View\View->render('dashboard', [], true)
 7 APPPATH\Controllers\DashboardController.php(11): view('dashboard')
 8 SYSTEMPATH\CodeIgniter.php(919): App\Controllers\DashboardController->index()
 9 SYSTEMPATH\CodeIgniter.php(494): CodeIgniter\CodeIgniter->runController(Object(App\Controllers\DashboardController))
10 SYSTEMPATH\CodeIgniter.php(353): CodeIgniter\CodeIgniter->handleRequest(null, Object(Config\Cache), false)
11 FCPATH\index.php(79): CodeIgniter\CodeIgniter->run()
12 SYSTEMPATH\Commands\Server\rewrite.php(47): require_once('E:\\xamp\\htdocs\\codeigniter_daily_expanse\\public\\index.php')
CRITICAL - 2023-10-10 04:39:15 --> Invalid file: "footer.php"
in SYSTEMPATH\Exceptions\FrameworkException.php on line 39.
 1 SYSTEMPATH\View\View.php(214): CodeIgniter\Exceptions\FrameworkException::forInvalidFile('footer.php')
 2 SYSTEMPATH\View\View.php(467): CodeIgniter\View\View->render('footer', null, true)
 3 APPPATH\Views\dashboard.php(7): CodeIgniter\View\View->include('footer')
 4 SYSTEMPATH\View\View.php(226): include('E:\\xamp\\htdocs\\codeigniter_daily_expanse\\app\\Views\\dashboard.php')
 5 SYSTEMPATH\View\View.php(229): CodeIgniter\View\View->CodeIgniter\View\{closure}()
 6 SYSTEMPATH\Common.php(1188): CodeIgniter\View\View->render('dashboard', [], true)
 7 APPPATH\Controllers\DashboardController.php(11): view('dashboard')
 8 SYSTEMPATH\CodeIgniter.php(919): App\Controllers\DashboardController->index()
 9 SYSTEMPATH\CodeIgniter.php(494): CodeIgniter\CodeIgniter->runController(Object(App\Controllers\DashboardController))
10 SYSTEMPATH\CodeIgniter.php(353): CodeIgniter\CodeIgniter->handleRequest(null, Object(Config\Cache), false)
11 FCPATH\index.php(79): CodeIgniter\CodeIgniter->run()
12 SYSTEMPATH\Commands\Server\rewrite.php(47): require_once('E:\\xamp\\htdocs\\codeigniter_daily_expanse\\public\\index.php')
CRITICAL - 2023-10-10 04:39:15 --> Invalid file: "footer.php"
in SYSTEMPATH\Exceptions\FrameworkException.php on line 39.
 1 SYSTEMPATH\View\View.php(214): CodeIgniter\Exceptions\FrameworkException::forInvalidFile('footer.php')
 2 SYSTEMPATH\View\View.php(467): CodeIgniter\View\View->render('footer', null, true)
 3 APPPATH\Views\dashboard.php(7): CodeIgniter\View\View->include('footer')
 4 SYSTEMPATH\View\View.php(226): include('E:\\xamp\\htdocs\\codeigniter_daily_expanse\\app\\Views\\dashboard.php')
 5 SYSTEMPATH\View\View.php(229): CodeIgniter\View\View->CodeIgniter\View\{closure}()
 6 SYSTEMPATH\Common.php(1188): CodeIgniter\View\View->render('dashboard', [], true)
 7 APPPATH\Controllers\DashboardController.php(11): view('dashboard')
 8 SYSTEMPATH\CodeIgniter.php(919): App\Controllers\DashboardController->index()
 9 SYSTEMPATH\CodeIgniter.php(494): CodeIgniter\CodeIgniter->runController(Object(App\Controllers\DashboardController))
10 SYSTEMPATH\CodeIgniter.php(353): CodeIgniter\CodeIgniter->handleRequest(null, Object(Config\Cache), false)
11 FCPATH\index.php(79): CodeIgniter\CodeIgniter->run()
12 SYSTEMPATH\Commands\Server\rewrite.php(47): require_once('E:\\xamp\\htdocs\\codeigniter_daily_expanse\\public\\index.php')
CRITICAL - 2023-10-10 04:39:16 --> Invalid file: "footer.php"
in SYSTEMPATH\Exceptions\FrameworkException.php on line 39.
 1 SYSTEMPATH\View\View.php(214): CodeIgniter\Exceptions\FrameworkException::forInvalidFile('footer.php')
 2 SYSTEMPATH\View\View.php(467): CodeIgniter\View\View->render('footer', null, true)
 3 APPPATH\Views\dashboard.php(7): CodeIgniter\View\View->include('footer')
 4 SYSTEMPATH\View\View.php(226): include('E:\\xamp\\htdocs\\codeigniter_daily_expanse\\app\\Views\\dashboard.php')
 5 SYSTEMPATH\View\View.php(229): CodeIgniter\View\View->CodeIgniter\View\{closure}()
 6 SYSTEMPATH\Common.php(1188): CodeIgniter\View\View->render('dashboard', [], true)
 7 APPPATH\Controllers\DashboardController.php(11): view('dashboard')
 8 SYSTEMPATH\CodeIgniter.php(919): App\Controllers\DashboardController->index()
 9 SYSTEMPATH\CodeIgniter.php(494): CodeIgniter\CodeIgniter->runController(Object(App\Controllers\DashboardController))
10 SYSTEMPATH\CodeIgniter.php(353): CodeIgniter\CodeIgniter->handleRequest(null, Object(Config\Cache), false)
11 FCPATH\index.php(79): CodeIgniter\CodeIgniter->run()
12 SYSTEMPATH\Commands\Server\rewrite.php(47): require_once('E:\\xamp\\htdocs\\codeigniter_daily_expanse\\public\\index.php')
CRITICAL - 2023-10-10 04:43:14 --> Call to undefined method CodeIgniter\View\View::randerSection()
in APPPATH\Views\backend\nav.php on line 329.
 1 SYSTEMPATH\View\View.php(226): include()
 2 SYSTEMPATH\View\View.php(229): CodeIgniter\View\View->CodeIgniter\View\{closure}()
 3 SYSTEMPATH\View\View.php(242): CodeIgniter\View\View->render('backend/nav', [], true)
 4 SYSTEMPATH\Common.php(1188): CodeIgniter\View\View->render('dashboard', [], true)
 5 APPPATH\Controllers\DashboardController.php(11): view('dashboard')
 6 SYSTEMPATH\CodeIgniter.php(919): App\Controllers\DashboardController->index()
 7 SYSTEMPATH\CodeIgniter.php(494): CodeIgniter\CodeIgniter->runController(Object(App\Controllers\DashboardController))
 8 SYSTEMPATH\CodeIgniter.php(353): CodeIgniter\CodeIgniter->handleRequest(null, Object(Config\Cache), false)
 9 FCPATH\index.php(79): CodeIgniter\CodeIgniter->run()
10 SYSTEMPATH\Commands\Server\rewrite.php(47): require_once('E:\\xamp\\htdocs\\codeigniter_daily_expanse\\public\\index.php')
CRITICAL - 2023-10-10 04:43:15 --> Call to undefined method CodeIgniter\View\View::randerSection()
in APPPATH\Views\backend\nav.php on line 329.
 1 SYSTEMPATH\View\View.php(226): include()
 2 SYSTEMPATH\View\View.php(229): CodeIgniter\View\View->CodeIgniter\View\{closure}()
 3 SYSTEMPATH\View\View.php(242): CodeIgniter\View\View->render('backend/nav', [], true)
 4 SYSTEMPATH\Common.php(1188): CodeIgniter\View\View->render('dashboard', [], true)
 5 APPPATH\Controllers\DashboardController.php(11): view('dashboard')
 6 SYSTEMPATH\CodeIgniter.php(919): App\Controllers\DashboardController->index()
 7 SYSTEMPATH\CodeIgniter.php(494): CodeIgniter\CodeIgniter->runController(Object(App\Controllers\DashboardController))
 8 SYSTEMPATH\CodeIgniter.php(353): CodeIgniter\CodeIgniter->handleRequest(null, Object(Config\Cache), false)
 9 FCPATH\index.php(79): CodeIgniter\CodeIgniter->run()
10 SYSTEMPATH\Commands\Server\rewrite.php(47): require_once('E:\\xamp\\htdocs\\codeigniter_daily_expanse\\public\\index.php')
CRITICAL - 2023-10-10 04:44:06 --> Call to undefined method CodeIgniter\View\View::randerSection()
in APPPATH\Views\backend\nav.php on line 329.
 1 SYSTEMPATH\View\View.php(226): include()
 2 SYSTEMPATH\View\View.php(229): CodeIgniter\View\View->CodeIgniter\View\{closure}()
 3 SYSTEMPATH\View\View.php(242): CodeIgniter\View\View->render('backend/nav', [], true)
 4 SYSTEMPATH\Common.php(1188): CodeIgniter\View\View->render('dashboard', [], true)
 5 APPPATH\Controllers\DashboardController.php(11): view('dashboard')
 6 SYSTEMPATH\CodeIgniter.php(919): App\Controllers\DashboardController->index()
 7 SYSTEMPATH\CodeIgniter.php(494): CodeIgniter\CodeIgniter->runController(Object(App\Controllers\DashboardController))
 8 SYSTEMPATH\CodeIgniter.php(353): CodeIgniter\CodeIgniter->handleRequest(null, Object(Config\Cache), false)
 9 FCPATH\index.php(79): CodeIgniter\CodeIgniter->run()
10 SYSTEMPATH\Commands\Server\rewrite.php(47): require_once('E:\\xamp\\htdocs\\codeigniter_daily_expanse\\public\\index.php')
CRITICAL - 2023-10-10 04:44:10 --> Call to undefined method CodeIgniter\View\View::randerSection()
in APPPATH\Views\backend\nav.php on line 329.
 1 SYSTEMPATH\View\View.php(226): include()
 2 SYSTEMPATH\View\View.php(229): CodeIgniter\View\View->CodeIgniter\View\{closure}()
 3 SYSTEMPATH\View\View.php(242): CodeIgniter\View\View->render('backend/nav', [], true)
 4 SYSTEMPATH\Common.php(1188): CodeIgniter\View\View->render('dashboard', [], true)
 5 APPPATH\Controllers\DashboardController.php(11): view('dashboard')
 6 SYSTEMPATH\CodeIgniter.php(919): App\Controllers\DashboardController->index()
 7 SYSTEMPATH\CodeIgniter.php(494): CodeIgniter\CodeIgniter->runController(Object(App\Controllers\DashboardController))
 8 SYSTEMPATH\CodeIgniter.php(353): CodeIgniter\CodeIgniter->handleRequest(null, Object(Config\Cache), false)
 9 FCPATH\index.php(79): CodeIgniter\CodeIgniter->run()
10 SYSTEMPATH\Commands\Server\rewrite.php(47): require_once('E:\\xamp\\htdocs\\codeigniter_daily_expanse\\public\\index.php')
CRITICAL - 2023-10-10 04:44:27 --> Call to undefined method CodeIgniter\View\View::randerSection()
in APPPATH\Views\backend\nav.php on line 329.
 1 SYSTEMPATH\View\View.php(226): include()
 2 SYSTEMPATH\View\View.php(229): CodeIgniter\View\View->CodeIgniter\View\{closure}()
 3 SYSTEMPATH\View\View.php(242): CodeIgniter\View\View->render('backend/nav', [], true)
 4 SYSTEMPATH\Common.php(1188): CodeIgniter\View\View->render('dashboard', [], true)
 5 APPPATH\Controllers\DashboardController.php(11): view('dashboard')
 6 SYSTEMPATH\CodeIgniter.php(919): App\Controllers\DashboardController->index()
 7 SYSTEMPATH\CodeIgniter.php(494): CodeIgniter\CodeIgniter->runController(Object(App\Controllers\DashboardController))
 8 SYSTEMPATH\CodeIgniter.php(353): CodeIgniter\CodeIgniter->handleRequest(null, Object(Config\Cache), false)
 9 FCPATH\index.php(79): CodeIgniter\CodeIgniter->run()
10 SYSTEMPATH\Commands\Server\rewrite.php(47): require_once('E:\\xamp\\htdocs\\codeigniter_daily_expanse\\public\\index.php')
CRITICAL - 2023-10-10 05:15:50 --> Call to undefined method CodeIgniter\View\View::randerSection()
in APPPATH\Views\backend\nav.php on line 329.
 1 SYSTEMPATH\View\View.php(226): include()
 2 SYSTEMPATH\View\View.php(229): CodeIgniter\View\View->CodeIgniter\View\{closure}()
 3 SYSTEMPATH\View\View.php(242): CodeIgniter\View\View->render('backend/nav', [], true)
 4 SYSTEMPATH\Common.php(1188): CodeIgniter\View\View->render('dashboard', [], true)
 5 APPPATH\Controllers\DashboardController.php(11): view('dashboard')
 6 SYSTEMPATH\CodeIgniter.php(919): App\Controllers\DashboardController->index()
 7 SYSTEMPATH\CodeIgniter.php(494): CodeIgniter\CodeIgniter->runController(Object(App\Controllers\DashboardController))
 8 SYSTEMPATH\CodeIgniter.php(353): CodeIgniter\CodeIgniter->handleRequest(null, Object(Config\Cache), false)
 9 FCPATH\index.php(79): CodeIgniter\CodeIgniter->run()
10 SYSTEMPATH\Commands\Server\rewrite.php(47): require_once('E:\\xamp\\htdocs\\codeigniter_daily_expanse\\public\\index.php')
